[2025-01-07T19:51:52.938Z] [32minfo[39m: Server listening on port 3000
[2025-01-08T18:28:03.562Z] [32minfo[39m: Server listening on port 3000
[2025-01-08T18:31:39.807Z] [32minfo[39m: Server listening on port 3000
[2025-01-08T18:32:04.217Z] [32minfo[39m: Server listening on port 3000
[2025-01-08T18:33:50.221Z] [32minfo[39m: Server listening on port 3000
[2025-01-08T18:36:29.856Z] [32minfo[39m: Server listening on port 3000
[2025-01-08T18:37:11.146Z] [32minfo[39m: Server listening on port 3000
[2025-01-08T18:38:44.513Z] [32minfo[39m: Server listening on port 3000
[2025-01-08T19:02:07.221Z] [32minfo[39m: Server listening on port 3000
[2025-01-08T19:02:56.046Z] [32minfo[39m: Server listening on port 3000
[2025-01-08T19:23:35.864Z] [31merror[39m: [object Object]
[2025-01-08T19:27:03.287Z] [32minfo[39m: Server listening on port 3000
[2025-01-08T19:27:12.068Z] [31merror[39m: [object Object]
[2025-01-08T19:27:55.388Z] [32minfo[39m: Server listening on port 3000
[2025-01-08T19:27:57.903Z] [31merror[39m: [object Object]
[2025-01-08T19:28:44.220Z] [32minfo[39m: Server listening on port 3000
[2025-01-08T19:28:49.489Z] [31merror[39m: [object Object]
[2025-01-08T19:29:52.836Z] [32minfo[39m: Server listening on port 3000
[2025-01-08T19:30:29.718Z] [32minfo[39m: Server listening on port 3000
[2025-01-08T19:31:27.598Z] [32minfo[39m: Server listening on port 3000
[2025-01-08T20:10:28.040Z] [32minfo[39m: Server listening on port 3000
[2025-01-08T20:10:44.442Z] [32minfo[39m: Server listening on port 3000
[2025-01-08T20:42:25.537Z] [32minfo[39m: Server listening on port 3000
[2025-01-08T23:01:00.342Z] [32minfo[39m: Server listening on port 3000
[2025-01-09T19:37:26.768Z] [32minfo[39m: Server listening on port 3000
[2025-01-09T20:01:57.042Z] [31merror[39m: [object Object]
[2025-01-09T20:02:38.933Z] [32minfo[39m: Server listening on port 3000
[2025-01-09T20:02:50.825Z] [31merror[39m: [object Object]
[2025-01-09T20:06:28.774Z] [32minfo[39m: Server listening on port 3000
[2025-01-09T20:23:05.439Z] [32minfo[39m: Server listening on port 3000
[2025-01-09T20:26:06.220Z] [32minfo[39m: Server listening on port 3000
[2025-01-09T20:26:13.812Z] [31merror[39m: Link validation failed: userId: Path `userId` is required.
ValidationError: Link validation failed: userId: Path `userId` is required.
    at model.Document.invalidate (C:\Users\USUARIO\Desktop\short-urls\node_modules\mongoose\lib\document.js:3331:32)
    at C:\Users\USUARIO\Desktop\short-urls\node_modules\mongoose\lib\document.js:3092:17
    at C:\Users\USUARIO\Desktop\short-urls\node_modules\mongoose\lib\schemaType.js:1407:9
    at processTicksAndRejections (node:internal/process/task_queues:85:11)
[2025-01-09T20:29:02.682Z] [32minfo[39m: Server listening on port 3000
[2025-01-09T20:29:13.112Z] [32minfo[39m: Server listening on port 3000
[2025-01-09T20:29:16.630Z] [31merror[39m: Link validation failed: user: Cast to ObjectId failed for value "tdnwBanNWcc1pWY4cRMUcRQlVJJ2" (type string) at path "user" because of "BSONError"
ValidationError: Link validation failed: user: Cast to ObjectId failed for value "tdnwBanNWcc1pWY4cRMUcRQlVJJ2" (type string) at path "user" because of "BSONError"
    at model.Document.invalidate (C:\Users\USUARIO\Desktop\short-urls\node_modules\mongoose\lib\document.js:3331:32)
    at model.$set (C:\Users\USUARIO\Desktop\short-urls\node_modules\mongoose\lib\document.js:1482:12)
    at model.$set (C:\Users\USUARIO\Desktop\short-urls\node_modules\mongoose\lib\document.js:1136:16)
    at model.Document (C:\Users\USUARIO\Desktop\short-urls\node_modules\mongoose\lib\document.js:177:12)
    at model.Model (C:\Users\USUARIO\Desktop\short-urls\node_modules\mongoose\lib\model.js:129:12)
    at new model (C:\Users\USUARIO\Desktop\short-urls\node_modules\mongoose\lib\model.js:4657:15)
    at C:\Users\USUARIO\Desktop\short-urls\node_modules\mongoose\lib\model.js:2691:20
    at Array.map (<anonymous>)
    at Function.create (C:\Users\USUARIO\Desktop\short-urls\node_modules\mongoose\lib\model.js:2679:34)
    at LinkService.createLink (C:\Users\USUARIO\Desktop\short-urls\backend\src\presentation\services\link.service.ts:41:36)
[2025-01-09T20:36:21.256Z] [32minfo[39m: Server listening on port 3000
[2025-01-09T20:37:16.766Z] [32minfo[39m: Server listening on port 3000
[2025-01-09T20:38:20.096Z] [32minfo[39m: Server listening on port 3000
[2025-01-09T20:40:32.844Z] [32minfo[39m: Server listening on port 3000
[2025-01-09T20:40:43.579Z] [32minfo[39m: Server listening on port 3000
[2025-01-09T20:41:12.798Z] [32minfo[39m: Server listening on port 3000
[2025-01-09T20:41:33.547Z] [32minfo[39m: Server listening on port 3000
[2025-01-09T20:41:52.163Z] [32minfo[39m: Server listening on port 3000
[2025-01-09T20:42:07.398Z] [32minfo[39m: Server listening on port 3000
[2025-01-09T20:42:29.795Z] [32minfo[39m: Server listening on port 3000
[2025-01-09T20:42:38.192Z] [31merror[39m: input must be a 24 character hex string, 12 byte Uint8Array, or an integer
BSONError: input must be a 24 character hex string, 12 byte Uint8Array, or an integer
    at new ObjectId (C:\Users\USUARIO\Desktop\short-urls\node_modules\bson\src\objectid.ts:120:15)
    at LinkService.createLink (C:\Users\USUARIO\Desktop\short-urls\backend\src\presentation\services\link.service.ts:42:22)
    at processTicksAndRejections (node:internal/process/task_queues:105:5)
[2025-01-09T20:44:28.037Z] [32minfo[39m: Server listening on port 3000
[2025-01-09T20:44:32.758Z] [31merror[39m: input must be a 24 character hex string, 12 byte Uint8Array, or an integer
BSONError: input must be a 24 character hex string, 12 byte Uint8Array, or an integer
    at new ObjectId (C:\Users\USUARIO\Desktop\short-urls\node_modules\bson\src\objectid.ts:120:15)
    at LinkService.createLink (C:\Users\USUARIO\Desktop\short-urls\backend\src\presentation\services\link.service.ts:42:22)
    at processTicksAndRejections (node:internal/process/task_queues:105:5)
[2025-01-09T20:45:53.017Z] [32minfo[39m: Server listening on port 3000
[2025-01-09T20:45:55.304Z] [31merror[39m: Cast to ObjectId failed for value "tdnwBanNWcc1pWY4cRMUcRQlVJJ2" (type string) at path "_id" for model "User"
CastError: Cast to ObjectId failed for value "tdnwBanNWcc1pWY4cRMUcRQlVJJ2" (type string) at path "_id" for model "User"
    at SchemaObjectId.cast (C:\Users\USUARIO\Desktop\short-urls\node_modules\mongoose\lib\schema\objectId.js:250:11)
    at SchemaObjectId.SchemaType.applySetters (C:\Users\USUARIO\Desktop\short-urls\node_modules\mongoose\lib\schemaType.js:1255:12)
    at SchemaObjectId.SchemaType.castForQuery (C:\Users\USUARIO\Desktop\short-urls\node_modules\mongoose\lib\schemaType.js:1673:17)
    at cast (C:\Users\USUARIO\Desktop\short-urls\node_modules\mongoose\lib\cast.js:390:32)
    at model.Query.Query.cast (C:\Users\USUARIO\Desktop\short-urls\node_modules\mongoose\lib\query.js:4889:12)
    at model.Query.Query._castConditions (C:\Users\USUARIO\Desktop\short-urls\node_modules\mongoose\lib\query.js:2306:10)
    at model.Query._findOne (C:\Users\USUARIO\Desktop\short-urls\node_modules\mongoose\lib\query.js:2630:8)
    at model.Query.exec (C:\Users\USUARIO\Desktop\short-urls\node_modules\mongoose\lib\query.js:4438:80)
    at processTicksAndRejections (node:internal/process/task_queues:105:5)
    at LinkService.createLink (C:\Users\USUARIO\Desktop\short-urls\backend\src\presentation\services\link.service.ts:42:20)
[2025-01-09T20:46:28.784Z] [32minfo[39m: Server listening on port 3000
[2025-01-09T20:46:30.792Z] [31merror[39m: Cast to ObjectId failed for value "tdnwBanNWcc1pWY4cRMUcRQlVJJ2" (type string) at path "_id" for model "User"
CastError: Cast to ObjectId failed for value "tdnwBanNWcc1pWY4cRMUcRQlVJJ2" (type string) at path "_id" for model "User"
    at SchemaObjectId.cast (C:\Users\USUARIO\Desktop\short-urls\node_modules\mongoose\lib\schema\objectId.js:250:11)
    at SchemaObjectId.SchemaType.applySetters (C:\Users\USUARIO\Desktop\short-urls\node_modules\mongoose\lib\schemaType.js:1255:12)
    at SchemaObjectId.SchemaType.castForQuery (C:\Users\USUARIO\Desktop\short-urls\node_modules\mongoose\lib\schemaType.js:1673:17)
    at cast (C:\Users\USUARIO\Desktop\short-urls\node_modules\mongoose\lib\cast.js:390:32)
    at model.Query.Query.cast (C:\Users\USUARIO\Desktop\short-urls\node_modules\mongoose\lib\query.js:4889:12)
    at model.Query.Query._castConditions (C:\Users\USUARIO\Desktop\short-urls\node_modules\mongoose\lib\query.js:2306:10)
    at model.Query._findOne (C:\Users\USUARIO\Desktop\short-urls\node_modules\mongoose\lib\query.js:2630:8)
    at model.Query.exec (C:\Users\USUARIO\Desktop\short-urls\node_modules\mongoose\lib\query.js:4438:80)
    at processTicksAndRejections (node:internal/process/task_queues:105:5)
    at LinkService.createLink (C:\Users\USUARIO\Desktop\short-urls\backend\src\presentation\services\link.service.ts:42:20)
[2025-01-09T20:47:03.222Z] [32minfo[39m: Server listening on port 3000
[2025-01-09T20:47:06.381Z] [31merror[39m: Cast to ObjectId failed for value "{ uid: 'tdnwBanNWcc1pWY4cRMUcRQlVJJ2' }" (type Object) at path "_id" for model "User"
CastError: Cast to ObjectId failed for value "{ uid: 'tdnwBanNWcc1pWY4cRMUcRQlVJJ2' }" (type Object) at path "_id" for model "User"
    at SchemaObjectId.cast (C:\Users\USUARIO\Desktop\short-urls\node_modules\mongoose\lib\schema\objectId.js:250:11)
    at SchemaObjectId.SchemaType.applySetters (C:\Users\USUARIO\Desktop\short-urls\node_modules\mongoose\lib\schemaType.js:1255:12)
    at SchemaObjectId.SchemaType.castForQuery (C:\Users\USUARIO\Desktop\short-urls\node_modules\mongoose\lib\schemaType.js:1673:17)
    at cast (C:\Users\USUARIO\Desktop\short-urls\node_modules\mongoose\lib\cast.js:319:34)
    at model.Query.Query.cast (C:\Users\USUARIO\Desktop\short-urls\node_modules\mongoose\lib\query.js:4889:12)
    at model.Query.Query._castConditions (C:\Users\USUARIO\Desktop\short-urls\node_modules\mongoose\lib\query.js:2306:10)
    at model.Query._findOne (C:\Users\USUARIO\Desktop\short-urls\node_modules\mongoose\lib\query.js:2630:8)
    at model.Query.exec (C:\Users\USUARIO\Desktop\short-urls\node_modules\mongoose\lib\query.js:4438:80)
    at processTicksAndRejections (node:internal/process/task_queues:105:5)
    at LinkService.createLink (C:\Users\USUARIO\Desktop\short-urls\backend\src\presentation\services\link.service.ts:42:20)
[2025-01-09T21:32:44.674Z] [32minfo[39m: Server listening on port 3000
[2025-01-09T21:33:34.545Z] [31merror[39m: Cast to ObjectId failed for value "{ uid: 'tdnwBanNWcc1pWY4cRMUcRQlVJJ2' }" (type Object) at path "_id" for model "User"
CastError: Cast to ObjectId failed for value "{ uid: 'tdnwBanNWcc1pWY4cRMUcRQlVJJ2' }" (type Object) at path "_id" for model "User"
    at SchemaObjectId.cast (C:\Users\USUARIO\Desktop\short-urls\node_modules\mongoose\lib\schema\objectId.js:250:11)
    at SchemaObjectId.SchemaType.applySetters (C:\Users\USUARIO\Desktop\short-urls\node_modules\mongoose\lib\schemaType.js:1255:12)
    at SchemaObjectId.SchemaType.castForQuery (C:\Users\USUARIO\Desktop\short-urls\node_modules\mongoose\lib\schemaType.js:1673:17)
    at cast (C:\Users\USUARIO\Desktop\short-urls\node_modules\mongoose\lib\cast.js:319:34)
    at model.Query.Query.cast (C:\Users\USUARIO\Desktop\short-urls\node_modules\mongoose\lib\query.js:4889:12)
    at model.Query.Query._castConditions (C:\Users\USUARIO\Desktop\short-urls\node_modules\mongoose\lib\query.js:2306:10)
    at model.Query._findOne (C:\Users\USUARIO\Desktop\short-urls\node_modules\mongoose\lib\query.js:2630:8)
    at model.Query.exec (C:\Users\USUARIO\Desktop\short-urls\node_modules\mongoose\lib\query.js:4438:80)
    at processTicksAndRejections (node:internal/process/task_queues:105:5)
    at LinkService.createLink (C:\Users\USUARIO\Desktop\short-urls\backend\src\presentation\services\link.service.ts:42:20)
[2025-01-09T21:33:51.402Z] [31merror[39m: Cast to ObjectId failed for value "{ uid: 'tdnwBanNWcc1pWY4cRMUcRQlVJJ2' }" (type Object) at path "_id" for model "User"
CastError: Cast to ObjectId failed for value "{ uid: 'tdnwBanNWcc1pWY4cRMUcRQlVJJ2' }" (type Object) at path "_id" for model "User"
    at SchemaObjectId.cast (C:\Users\USUARIO\Desktop\short-urls\node_modules\mongoose\lib\schema\objectId.js:250:11)
    at SchemaObjectId.SchemaType.applySetters (C:\Users\USUARIO\Desktop\short-urls\node_modules\mongoose\lib\schemaType.js:1255:12)
    at SchemaObjectId.SchemaType.castForQuery (C:\Users\USUARIO\Desktop\short-urls\node_modules\mongoose\lib\schemaType.js:1673:17)
    at cast (C:\Users\USUARIO\Desktop\short-urls\node_modules\mongoose\lib\cast.js:319:34)
    at model.Query.Query.cast (C:\Users\USUARIO\Desktop\short-urls\node_modules\mongoose\lib\query.js:4889:12)
    at model.Query.Query._castConditions (C:\Users\USUARIO\Desktop\short-urls\node_modules\mongoose\lib\query.js:2306:10)
    at model.Query._findOne (C:\Users\USUARIO\Desktop\short-urls\node_modules\mongoose\lib\query.js:2630:8)
    at model.Query.exec (C:\Users\USUARIO\Desktop\short-urls\node_modules\mongoose\lib\query.js:4438:80)
    at processTicksAndRejections (node:internal/process/task_queues:105:5)
    at LinkService.createLink (C:\Users\USUARIO\Desktop\short-urls\backend\src\presentation\services\link.service.ts:42:20)
[2025-01-09T21:36:00.417Z] [31merror[39m: Cast to ObjectId failed for value "{ uid: 'tdnwBanNWcc1pWY4cRMUcRQlVJJ2' }" (type Object) at path "_id" for model "User"
CastError: Cast to ObjectId failed for value "{ uid: 'tdnwBanNWcc1pWY4cRMUcRQlVJJ2' }" (type Object) at path "_id" for model "User"
    at SchemaObjectId.cast (C:\Users\USUARIO\Desktop\short-urls\node_modules\mongoose\lib\schema\objectId.js:250:11)
    at SchemaObjectId.SchemaType.applySetters (C:\Users\USUARIO\Desktop\short-urls\node_modules\mongoose\lib\schemaType.js:1255:12)
    at SchemaObjectId.SchemaType.castForQuery (C:\Users\USUARIO\Desktop\short-urls\node_modules\mongoose\lib\schemaType.js:1673:17)
    at cast (C:\Users\USUARIO\Desktop\short-urls\node_modules\mongoose\lib\cast.js:319:34)
    at model.Query.Query.cast (C:\Users\USUARIO\Desktop\short-urls\node_modules\mongoose\lib\query.js:4889:12)
    at model.Query.Query._castConditions (C:\Users\USUARIO\Desktop\short-urls\node_modules\mongoose\lib\query.js:2306:10)
    at model.Query._findOne (C:\Users\USUARIO\Desktop\short-urls\node_modules\mongoose\lib\query.js:2630:8)
    at model.Query.exec (C:\Users\USUARIO\Desktop\short-urls\node_modules\mongoose\lib\query.js:4438:80)
    at processTicksAndRejections (node:internal/process/task_queues:105:5)
    at LinkService.createLink (C:\Users\USUARIO\Desktop\short-urls\backend\src\presentation\services\link.service.ts:42:20)
[2025-01-09T21:37:21.635Z] [32minfo[39m: Server listening on port 3000
[2025-01-09T21:37:24.598Z] [31merror[39m: Link validation failed: user: Cast to ObjectId failed for value "tdnwBanNWcc1pWY4cRMUcRQlVJJ2" (type string) at path "user" because of "BSONError"
ValidationError: Link validation failed: user: Cast to ObjectId failed for value "tdnwBanNWcc1pWY4cRMUcRQlVJJ2" (type string) at path "user" because of "BSONError"
    at model.Document.invalidate (C:\Users\USUARIO\Desktop\short-urls\node_modules\mongoose\lib\document.js:3331:32)
    at model.$set (C:\Users\USUARIO\Desktop\short-urls\node_modules\mongoose\lib\document.js:1482:12)
    at model.$set (C:\Users\USUARIO\Desktop\short-urls\node_modules\mongoose\lib\document.js:1136:16)
    at model.Document (C:\Users\USUARIO\Desktop\short-urls\node_modules\mongoose\lib\document.js:177:12)
    at model.Model (C:\Users\USUARIO\Desktop\short-urls\node_modules\mongoose\lib\model.js:129:12)
    at new model (C:\Users\USUARIO\Desktop\short-urls\node_modules\mongoose\lib\model.js:4657:15)
    at C:\Users\USUARIO\Desktop\short-urls\node_modules\mongoose\lib\model.js:2691:20
    at Array.map (<anonymous>)
    at Function.create (C:\Users\USUARIO\Desktop\short-urls\node_modules\mongoose\lib\model.js:2679:34)
    at LinkService.createLink (C:\Users\USUARIO\Desktop\short-urls\backend\src\presentation\services\link.service.ts:45:36)
[2025-01-09T21:46:16.026Z] [32minfo[39m: Server listening on port 3000
[2025-01-09T21:46:46.417Z] [31merror[39m: [object Object]
[2025-01-09T21:46:46.418Z] [31merror[39m: Expected string, received object
Error: Expected string, received object
    at Function.badRequest (C:\Users\USUARIO\Desktop\short-urls\backend\src\domain\errors\custom.error.ts:6:12)
    at Function.fromObject (C:\Users\USUARIO\Desktop\short-urls\backend\src\domain\entities\link.entity.ts:45:28)
    at LinkService.createLink (C:\Users\USUARIO\Desktop\short-urls\backend\src\presentation\services\link.service.ts:53:25)
    at processTicksAndRejections (node:internal/process/task_queues:105:5)
[2025-01-09T21:48:13.083Z] [32minfo[39m: Server listening on port 3000
[2025-01-09T21:48:15.154Z] [31merror[39m: Link validation failed: user: Path `user` is required.
ValidationError: Link validation failed: user: Path `user` is required.
    at model.Document.invalidate (C:\Users\USUARIO\Desktop\short-urls\node_modules\mongoose\lib\document.js:3331:32)
    at C:\Users\USUARIO\Desktop\short-urls\node_modules\mongoose\lib\document.js:3092:17
    at C:\Users\USUARIO\Desktop\short-urls\node_modules\mongoose\lib\schemaType.js:1407:9
    at processTicksAndRejections (node:internal/process/task_queues:85:11)
[2025-01-09T21:48:47.037Z] [32minfo[39m: Server listening on port 3000
[2025-01-09T21:48:50.617Z] [31merror[39m: [object Object]
[2025-01-09T21:48:50.618Z] [31merror[39m: Expected string, received object
Error: Expected string, received object
    at Function.badRequest (C:\Users\USUARIO\Desktop\short-urls\backend\src\domain\errors\custom.error.ts:6:12)
    at Function.fromObject (C:\Users\USUARIO\Desktop\short-urls\backend\src\domain\entities\link.entity.ts:45:28)
    at LinkService.createLink (C:\Users\USUARIO\Desktop\short-urls\backend\src\presentation\services\link.service.ts:56:25)
    at processTicksAndRejections (node:internal/process/task_queues:105:5)
[2025-01-09T21:50:08.885Z] [32minfo[39m: Server listening on port 3000
[2025-01-09T21:50:11.228Z] [31merror[39m: An unknown error occurred
Error: An unknown error occurred
    at Function.badRequest (C:\Users\USUARIO\Desktop\short-urls\backend\src\domain\errors\custom.error.ts:6:12)
    at Function.fromObject (C:\Users\USUARIO\Desktop\short-urls\backend\src\domain\entities\link.entity.ts:47:26)
    at LinkService.createLink (C:\Users\USUARIO\Desktop\short-urls\backend\src\presentation\services\link.service.ts:56:25)
    at processTicksAndRejections (node:internal/process/task_queues:105:5)
[2025-01-09T21:53:34.785Z] [32minfo[39m: Server listening on port 3000
[2025-01-09T21:53:48.370Z] [31merror[39m: [object Object]
[2025-01-09T21:53:48.370Z] [31merror[39m: Expected string, received object
Error: Expected string, received object
    at Function.badRequest (C:\Users\USUARIO\Desktop\short-urls\backend\src\domain\errors\custom.error.ts:6:12)
    at Function.fromObject (C:\Users\USUARIO\Desktop\short-urls\backend\src\domain\entities\link.entity.ts:48:28)
    at LinkService.createLink (C:\Users\USUARIO\Desktop\short-urls\backend\src\presentation\services\link.service.ts:56:25)
    at processTicksAndRejections (node:internal/process/task_queues:105:5)
[2025-01-09T21:56:09.129Z] [32minfo[39m: Server listening on port 3000
[2025-01-09T21:56:10.830Z] [31merror[39m: [object Object]
[2025-01-09T21:56:10.831Z] [31merror[39m: Expected string, received object
Error: Expected string, received object
    at Function.badRequest (C:\Users\USUARIO\Desktop\short-urls\backend\src\domain\errors\custom.error.ts:6:12)
    at Function.fromObject (C:\Users\USUARIO\Desktop\short-urls\backend\src\domain\entities\link.entity.ts:48:28)
    at LinkService.createLink (C:\Users\USUARIO\Desktop\short-urls\backend\src\presentation\services\link.service.ts:57:25)
    at processTicksAndRejections (node:internal/process/task_queues:105:5)
[2025-01-09T21:57:53.902Z] [32minfo[39m: Server listening on port 3000
[2025-01-09T22:00:10.545Z] [32minfo[39m: Server listening on port 3000
[2025-01-09T22:02:13.243Z] [32minfo[39m: Server listening on port 3000
[2025-01-09T22:02:15.682Z] [32minfo[39m: Server listening on port 3000
[2025-01-09T22:03:00.702Z] [32minfo[39m: Server listening on port 3000
[2025-01-09T22:05:49.787Z] [32minfo[39m: Server listening on port 3000
[2025-01-09T22:05:57.225Z] [32minfo[39m: Server listening on port 3000
[2025-01-09T22:07:03.092Z] [32minfo[39m: Server listening on port 3000
[2025-01-09T22:07:28.967Z] [32minfo[39m: Server listening on port 3000
[2025-01-09T22:07:54.370Z] [32minfo[39m: Server listening on port 3000
[2025-01-09T22:08:25.741Z] [32minfo[39m: Server listening on port 3000
[2025-01-09T22:09:13.266Z] [32minfo[39m: Server listening on port 3000
[2025-01-09T22:09:40.483Z] [32minfo[39m: Server listening on port 3000
[2025-01-09T22:11:53.122Z] [32minfo[39m: Server listening on port 3000
[2025-01-09T22:16:58.013Z] [32minfo[39m: Server listening on port 3000
[2025-01-09T22:17:26.638Z] [32minfo[39m: Server listening on port 3000
[2025-01-10T23:16:07.696Z] [32minfo[39m: Server listening on port 3000
[2025-01-11T09:05:02.869Z] [32minfo[39m: Server listening on port 3000
[2025-01-11T10:34:03.934Z] [32minfo[39m: Server listening on port 3000
[2025-01-11T10:34:56.166Z] [32minfo[39m: Server listening on port 3000
[2025-01-11T11:01:33.811Z] [32minfo[39m: Server listening on port 3000
[2025-01-11T12:32:34.282Z] [32minfo[39m: Server listening on port 3000
[2025-01-11T16:45:20.710Z] [32minfo[39m: Server listening on port 3000
[2025-01-11T17:23:33.483Z] [32minfo[39m: Server listening on port 3000
[2025-01-11T18:11:41.785Z] [31merror[39m: [object Object],[object Object]
[2025-01-11T18:11:41.786Z] [31merror[39m: Error creating link DTO:
[2025-01-11T18:13:05.051Z] [31merror[39m: [object Object],[object Object]
[2025-01-11T18:13:05.051Z] [31merror[39m: Error creating link DTO:
[2025-01-11T18:14:10.365Z] [31merror[39m: [object Object],[object Object]
[2025-01-11T18:14:10.366Z] [31merror[39m: Error creating link DTO:
[2025-01-11T18:15:45.522Z] [32minfo[39m: Server listening on port 3000
[2025-01-11T18:16:08.375Z] [31merror[39m: [object Object],[object Object]
[2025-01-11T18:16:08.375Z] [31merror[39m: Error creating link DTO:
[2025-01-11T18:17:13.913Z] [32minfo[39m: Server listening on port 3000
[2025-01-11T20:13:16.091Z] [31merror[39m: [object Object],[object Object]
[2025-01-11T20:14:19.730Z] [31merror[39m: [object Object],[object Object]
[2025-01-11T20:16:13.711Z] [32minfo[39m: Server listening on port 3000
[2025-01-11T20:16:42.774Z] [31merror[39m: [object Object]
[2025-01-11T20:17:09.234Z] [32minfo[39m: Server listening on port 3000
[2025-01-11T20:17:45.872Z] [31merror[39m: [object Object]
[2025-01-11T20:27:01.261Z] [32minfo[39m: Server listening on port 3000
[2025-01-11T21:26:19.887Z] [31merror[39m: [object Object]
[2025-01-11T21:29:25.074Z] [32minfo[39m: Server listening on port 3000
[2025-01-11T21:29:29.055Z] [31merror[39m: [object Object]
[2025-01-11T21:40:36.352Z] [31merror[39m: [object Object]
[2025-01-11T21:43:14.020Z] [32minfo[39m: Server listening on port 3000
[2025-01-11T23:23:43.644Z] [32minfo[39m: Server listening on port 3000
[2025-01-12T08:52:34.688Z] [32minfo[39m: Server listening on port 3000
[2025-01-12T12:53:27.708Z] [32minfo[39m: Server listening on port 3000
[2025-01-12T15:48:09.771Z] [32minfo[39m: Server listening on port 3000
[2025-01-12T20:00:03.081Z] [32minfo[39m: Server listening on port 3000
[2025-01-12T20:27:38.953Z] [32minfo[39m: Server listening on port 3000
[2025-01-12T20:29:11.638Z] [32minfo[39m: Server listening on port 3000
[2025-01-12T20:29:42.186Z] [32minfo[39m: Server listening on port 3000
[2025-01-12T20:39:12.071Z] [32minfo[39m: Server listening on port 3000
[2025-01-13T11:49:24.787Z] [32minfo[39m: Server listening on port 3000
[2025-01-14T19:28:17.017Z] [32minfo[39m: Server listening on port 3000
[2025-01-14T19:28:57.345Z] [32minfo[39m: Server listening on port 3000
[2025-01-14T19:43:36.970Z] [32minfo[39m: Server listening on port 3000
[2025-01-14T20:18:59.951Z] [32minfo[39m: Server listening on port 3000
[2025-01-14T20:25:01.837Z] [32minfo[39m: Server listening on port 3000
[2025-01-14T20:28:57.304Z] [32minfo[39m: Server listening on port 3000
[2025-01-14T21:02:40.618Z] [32minfo[39m: Server listening on port 3000
[2025-01-14T21:11:34.563Z] [32minfo[39m: Server listening on port 3000
[2025-01-14T21:11:52.807Z] [32minfo[39m: Server listening on port 3000
[2025-01-14T21:13:24.717Z] [32minfo[39m: Server listening on port 3000
[2025-01-15T21:26:12.979Z] [32minfo[39m: Server listening on port 3000
[2025-01-15T21:31:32.638Z] [32minfo[39m: Server listening on port 3000
[2025-01-15T21:42:14.609Z] [32minfo[39m: Server listening on port 3000
[2025-01-15T21:42:17.970Z] [32minfo[39m: Server listening on port 3000
[2025-01-15T21:43:03.114Z] [32minfo[39m: Server listening on port 3000
[2025-01-15T22:15:30.150Z] [32minfo[39m: Server listening on port 3000
[2025-01-16T18:02:15.822Z] [32minfo[39m: Server listening on port 3000
[2025-01-16T18:13:54.592Z] [32minfo[39m: Server listening on port 3000
[2025-01-16T18:15:15.582Z] [32minfo[39m: Server listening on port 3000
